<?xml version="1.0" encoding="UTF-8"?>
<testsuite name="com.signedcontract.processor.PDFProcessorTest" tests="18" skipped="0" failures="0" errors="0" timestamp="2026-09-19T14:25:15" hostname="OE" time="1.388">
  <properties/>
  <testcase name="convertToPageImages_multiPagePdf_returnsAllPagesInOrder()" classname="com.signedcontract.processor.PDFProcessorTest" time="0.399"/>
  <testcase name="validate_singlePagePdf_accepted()" classname="com.signedcontract.processor.PDFProcessorTest" time="0.036"/>
  <testcase name="validate_500PagePdf_accepted()" classname="com.signedcontract.processor.PDFProcessorTest" time="0.175"/>
  <testcase name="validate_passwordProtectedPdf_throwsContractAnalysisException()" classname="com.signedcontract.processor.PDFProcessorTest" time="0.076"/>
  <testcase name="convertToPageImages_pageImageDimensionsMatchBufferedImage()" classname="com.signedcontract.processor.PDFProcessorTest" time="0.058"/>
  <testcase name="convertToPageImages_a4Page_pixelDimensionsMatch300Dpi()" classname="com.signedcontract.processor.PDFProcessorTest" time="0.051"/>
  <testcase name="convertToPageImages_tenPages_allImagesHavePositiveDimensions()" classname="com.signedcontract.processor.PDFProcessorTest" time="0.259"/>
  <testcase name="convertToPageImages_nonPdfFile_throwsContractAnalysisException()" classname="com.signedcontract.processor.PDFProcessorTest" time="0.019"/>
  <testcase name="validate_nonPdfFile_throwsContractAnalysisExceptionWithFormatMessage()" classname="com.signedcontract.processor.PDFProcessorTest" time="0.024"/>
  <testcase name="validate_pdfExactlyAtSizeLimit_noException()" classname="com.signedcontract.processor.PDFProcessorTest" time="0.027"/>
  <testcase name="convertToPageImages_validOnePage_returnsOnePageImage()" classname="com.signedcontract.processor.PDFProcessorTest" time="0.078"/>
  <testcase name="validate_validMinimalPdf_noException()" classname="com.signedcontract.processor.PDFProcessorTest" time="0.03"/>
  <testcase name="validate_nonExistentFile_throwsIllegalArgumentException()" classname="com.signedcontract.processor.PDFProcessorTest" time="0.005"/>
  <testcase name="validate_fileTooLarge_throwsContractAnalysisExceptionWithSizeMessage()" classname="com.signedcontract.processor.PDFProcessorTest" time="0.049"/>
  <testcase name="validate_corruptedPdf_throwsContractAnalysisException()" classname="com.signedcontract.processor.PDFProcessorTest" time="0.027"/>
  <testcase name="validate_nullPath_throwsIllegalArgumentException()" classname="com.signedcontract.processor.PDFProcessorTest" time="0.006"/>
  <testcase name="validate_directoryPath_throwsIllegalArgumentException()" classname="com.signedcontract.processor.PDFProcessorTest" time="0.005"/>
  <testcase name="validate_wrongMagicBytes_throwsContractAnalysisException()" classname="com.signedcontract.processor.PDFProcessorTest" time="0.025"/>
  <system-out><![CDATA[]]></system-out>
  <system-err><![CDATA[]]></system-err>
</testsuite>
